TN:
SF:src/condition.ts
FN:1,evalCondition
FN:9,(anonymous_1)
FNF:2
FNH:1
FNDA:1,evalCondition
FNDA:0,(anonymous_1)
DA:5,1
DA:8,1
DA:9,1
DA:10,1
DA:12,0
LF:5
LH:4
BRF:0
BRH:0
end_of_record
TN:
SF:src/config.ts
FN:7,getAllowedTools
FN:21,(anonymous_1)
FNF:2
FNH:2
FNDA:2,getAllowedTools
FNDA:1,(anonymous_1)
DA:8,2
DA:9,2
DA:10,1
DA:11,1
DA:12,1
DA:13,0
DA:14,0
DA:19,1
DA:21,1
DA:25,1
DA:26,2
DA:27,2
DA:28,0
DA:29,0
DA:30,0
DA:36,1
LF:16
LH:11
BRDA:8,0,0,2
BRDA:8,0,1,1
BRDA:9,1,0,1
BRDA:9,1,1,1
BRDA:12,2,0,0
BRDA:12,2,1,1
BRDA:12,3,0,1
BRDA:12,3,1,0
BRDA:12,3,2,1
BRDA:14,4,0,0
BRDA:14,4,1,0
BRDA:25,5,0,1
BRDA:25,5,1,1
BRDA:27,6,0,0
BRDA:27,6,1,2
BRDA:30,7,0,0
BRDA:30,7,1,0
BRF:17
BRH:10
end_of_record
TN:
SF:src/executor.ts
FN:7,sleep
FN:8,(anonymous_1)
FN:12,(anonymous_2)
FN:14,(anonymous_3)
FN:29,(anonymous_4)
FN:114,(anonymous_5)
FN:154,(anonymous_6)
FN:203,(anonymous_7)
FN:211,(anonymous_8)
FN:212,(anonymous_9)
FN:218,(anonymous_10)
FN:219,(anonymous_11)
FN:222,(anonymous_12)
FN:233,(anonymous_13)
FN:250,(anonymous_14)
FN:251,(anonymous_15)
FNF:16
FNH:6
FNDA:2,sleep
FNDA:2,(anonymous_1)
FNDA:6,(anonymous_2)
FNDA:6,(anonymous_3)
FNDA:10,(anonymous_4)
FNDA:8,(anonymous_5)
FNDA:0,(anonymous_6)
FNDA:0,(anonymous_7)
FNDA:0,(anonymous_8)
FNDA:0,(anonymous_9)
FNDA:0,(anonymous_10)
FNDA:0,(anonymous_11)
FNDA:0,(anonymous_12)
FNDA:0,(anonymous_13)
FNDA:0,(anonymous_14)
FNDA:0,(anonymous_15)
DA:8,2
DA:12,6
DA:19,6
DA:21,6
DA:29,10
DA:30,6
DA:31,0
DA:32,0
DA:33,0
DA:38,6
DA:39,6
DA:40,10
DA:41,10
DA:44,6
DA:45,6
DA:46,9
DA:47,9
DA:48,9
DA:51,9
DA:52,1
DA:53,1
DA:54,1
DA:57,0
DA:62,0
DA:63,0
DA:65,1
DA:66,1
DA:67,1
DA:71,8
DA:76,9
DA:77,8
DA:80,8
DA:81,7
DA:82,0
DA:83,0
DA:86,7
DA:91,8
DA:92,8
DA:93,7
DA:94,1
DA:95,1
DA:96,0
DA:99,1
DA:100,1
DA:101,1
DA:102,0
DA:106,8
DA:109,6
DA:111,6
DA:119,8
DA:120,8
DA:121,8
DA:123,8
DA:124,10
DA:126,10
DA:127,9
DA:128,1
DA:129,1
DA:135,0
DA:138,7
DA:140,3
DA:141,3
DA:142,3
DA:143,1
DA:146,2
DA:147,2
DA:151,0
DA:155,0
DA:156,0
DA:157,0
DA:158,0
DA:160,0
DA:161,0
DA:162,0
DA:163,0
DA:164,0
DA:168,0
DA:169,0
DA:170,0
DA:171,0
DA:172,0
DA:173,0
DA:174,0
DA:175,0
DA:176,0
DA:181,0
DA:182,0
DA:183,0
DA:184,0
DA:185,0
DA:186,0
DA:187,0
DA:188,0
DA:189,0
DA:190,0
DA:193,0
DA:196,0
DA:197,0
DA:199,0
DA:201,0
DA:203,0
DA:207,0
DA:208,0
DA:209,0
DA:211,0
DA:212,0
DA:213,0
DA:214,0
DA:215,0
DA:216,0
DA:217,0
DA:218,0
DA:220,0
DA:224,0
DA:234,0
DA:235,0
DA:240,0
DA:244,0
DA:245,0
DA:246,0
DA:248,0
DA:249,0
DA:251,0
DA:252,0
DA:254,0
DA:255,0
DA:256,0
DA:260,0
DA:261,0
DA:262,0
DA:263,0
DA:266,0
DA:271,0
DA:272,0
DA:276,0
DA:280,0
DA:281,0
DA:284,0
DA:285,0
DA:286,0
DA:287,0
DA:289,0
DA:293,0
DA:298,0
DA:301,0
DA:302,0
DA:303,0
DA:304,0
DA:305,0
DA:306,0
LF:150
LH:55
BRDA:24,0,0,6
BRDA:24,0,1,0
BRDA:25,1,0,6
BRDA:25,1,1,6
BRDA:29,2,0,10
BRDA:29,2,1,10
BRDA:30,3,0,0
BRDA:30,3,1,6
BRDA:40,4,0,0
BRDA:40,4,1,10
BRDA:51,5,0,1
BRDA:51,5,1,8
BRDA:65,6,0,1
BRDA:65,6,1,0
BRDA:71,7,0,8
BRDA:71,7,1,0
BRDA:80,8,0,7
BRDA:80,8,1,1
BRDA:81,9,0,0
BRDA:81,9,1,7
BRDA:83,10,0,0
BRDA:83,10,1,0
BRDA:86,11,0,7
BRDA:86,11,1,0
BRDA:92,12,0,7
BRDA:92,12,1,1
BRDA:93,13,0,1
BRDA:93,13,1,6
BRDA:93,14,0,7
BRDA:93,14,1,1
BRDA:95,15,0,1
BRDA:95,15,1,0
BRDA:99,16,0,1
BRDA:99,16,1,0
BRDA:99,17,0,1
BRDA:99,17,1,1
BRDA:101,18,0,1
BRDA:101,18,1,0
BRDA:119,19,0,8
BRDA:119,19,1,7
BRDA:121,20,0,8
BRDA:121,20,1,7
BRDA:126,21,0,9
BRDA:126,21,1,1
BRDA:128,22,0,1
BRDA:128,22,1,0
BRDA:141,23,0,3
BRDA:141,23,1,0
BRDA:142,24,0,1
BRDA:142,24,1,2
BRDA:170,25,0,0
BRDA:170,25,1,0
BRDA:171,26,0,0
BRDA:171,26,1,0
BRDA:172,27,0,0
BRDA:172,27,1,0
BRDA:174,28,0,0
BRDA:174,28,1,0
BRDA:176,29,0,0
BRDA:176,29,1,0
BRDA:183,30,0,0
BRDA:183,30,1,0
BRDA:188,31,0,0
BRDA:188,31,1,0
BRDA:189,32,0,0
BRDA:189,32,1,0
BRDA:190,33,0,0
BRDA:190,33,1,0
BRDA:190,34,0,0
BRDA:190,34,1,0
BRDA:193,35,0,0
BRDA:193,35,1,0
BRDA:197,36,0,0
BRDA:197,36,1,0
BRDA:199,37,0,0
BRDA:199,37,1,0
BRDA:199,38,0,0
BRDA:199,38,1,0
BRDA:213,39,0,0
BRDA:213,39,1,0
BRDA:214,40,0,0
BRDA:214,40,1,0
BRDA:229,41,0,0
BRDA:229,41,1,0
BRDA:245,42,0,0
BRDA:245,42,1,0
BRDA:254,43,0,0
BRDA:254,43,1,0
BRDA:260,44,0,0
BRDA:260,44,1,0
BRDA:276,45,0,0
BRDA:276,45,1,0
BRDA:284,46,0,0
BRDA:284,46,1,0
BRDA:285,47,0,0
BRDA:285,47,1,0
BRDA:287,48,0,0
BRDA:287,48,1,0
BRDA:289,49,0,0
BRDA:289,49,1,0
BRDA:304,50,0,0
BRDA:304,50,1,0
BRDA:305,51,0,0
BRDA:305,51,1,0
BRDA:306,52,0,0
BRDA:306,52,1,0
BRDA:306,53,0,0
BRDA:306,53,1,0
BRF:108
BRH:36
end_of_record
TN:
SF:src/flowParser.ts
FN:59,parseFlowConfigText
FN:91,parseFlowConfigFile
FN:98,tryParseFlowConfigText
FNF:3
FNH:2
FNDA:3,parseFlowConfigText
FNDA:0,parseFlowConfigFile
FNDA:1,tryParseFlowConfigText
DA:23,1
DA:29,1
DA:42,1
DA:48,1
DA:62,3
DA:63,3
DA:64,1
DA:65,2
DA:66,2
DA:69,0
DA:70,0
DA:71,0
DA:73,0
DA:77,0
DA:80,3
DA:81,3
DA:82,3
DA:84,1
DA:85,1
DA:87,0
DA:92,0
DA:93,0
DA:94,0
DA:95,0
DA:102,1
DA:103,1
DA:104,1
DA:106,1
LF:28
LH:18
BRDA:63,0,0,1
BRDA:63,0,1,2
BRDA:65,1,0,2
BRDA:65,1,1,0
BRDA:70,2,0,0
BRDA:70,2,1,0
BRDA:70,3,0,0
BRDA:70,3,1,0
BRDA:77,4,0,0
BRDA:77,4,1,0
BRDA:84,5,0,1
BRDA:84,5,1,0
BRDA:94,6,0,0
BRDA:94,6,1,0
BRDA:106,7,0,1
BRDA:106,7,1,0
BRF:16
BRH:5
end_of_record
TN:
SF:src/handlers.ts
FN:24,looksLikeCloudModelName
FN:31,modelObjIsSafe
FN:41,isModelAvailable
FN:52,(anonymous_3)
FN:61,listTools
FN:166,callToolHandler
FN:186,(anonymous_6)
FN:187,(anonymous_7)
FN:239,(anonymous_8)
FN:239,(anonymous_9)
FN:247,(anonymous_10)
FN:248,(anonymous_11)
FN:249,(anonymous_12)
FN:331,(anonymous_13)
FN:332,(anonymous_14)
FN:337,(anonymous_15)
FN:439,(anonymous_16)
FN:445,(anonymous_17)
FN:446,(anonymous_18)
FN:464,tryCallMemoryServer
FN:479,(anonymous_20)
FN:479,(anonymous_21)
FN:498,(anonymous_22)
FN:507,(anonymous_23)
FN:544,(anonymous_24)
FN:696,(anonymous_25)
FN:736,(anonymous_26)
FN:754,(anonymous_27)
FN:772,(anonymous_28)
FNF:29
FNH:9
FNDA:4,looksLikeCloudModelName
FNDA:2,modelObjIsSafe
FNDA:3,isModelAvailable
FNDA:0,(anonymous_3)
FNDA:2,listTools
FNDA:4,callToolHandler
FNDA:0,(anonymous_6)
FNDA:0,(anonymous_7)
FNDA:2,(anonymous_8)
FNDA:0,(anonymous_9)
FNDA:2,(anonymous_10)
FNDA:0,(anonymous_11)
FNDA:2,(anonymous_12)
FNDA:0,(anonymous_13)
FNDA:0,(anonymous_14)
FNDA:0,(anonymous_15)
FNDA:1,(anonymous_16)
FNDA:0,(anonymous_17)
FNDA:0,(anonymous_18)
FNDA:0,tryCallMemoryServer
FNDA:0,(anonymous_20)
FNDA:0,(anonymous_21)
FNDA:0,(anonymous_22)
FNDA:0,(anonymous_23)
FNDA:0,(anonymous_24)
FNDA:0,(anonymous_25)
FNDA:0,(anonymous_26)
FNDA:0,(anonymous_27)
FNDA:0,(anonymous_28)
DA:17,6
DA:21,6
DA:25,4
DA:27,4
DA:32,2
DA:33,2
DA:34,2
DA:36,2
DA:37,2
DA:42,3
DA:46,3
DA:47,3
DA:48,0
DA:49,0
DA:50,0
DA:51,0
DA:52,3
DA:53,3
DA:54,0
DA:57,0
DA:62,2
DA:167,4
DA:168,4
DA:170,4
DA:172,1
DA:173,1
DA:174,1
DA:176,1
DA:178,1
DA:179,1
DA:181,0
DA:182,0
DA:183,0
DA:184,0
DA:185,0
DA:186,0
DA:187,0
DA:194,0
DA:195,0
DA:206,1
DA:213,1
DA:222,0
DA:223,0
DA:236,1
DA:237,1
DA:238,1
DA:239,2
DA:241,1
DA:242,1
DA:243,0
DA:246,1
DA:247,2
DA:248,0
DA:249,2
DA:253,1
DA:257,1
DA:266,0
DA:267,0
DA:280,1
DA:281,1
DA:282,1
DA:284,1
DA:285,0
DA:296,1
DA:297,1
DA:298,1
DA:299,1
DA:300,1
DA:301,2
DA:302,2
DA:303,0
DA:305,0
DA:309,1
DA:310,0
DA:321,1
DA:326,1
DA:328,0
DA:329,0
DA:330,0
DA:331,0
DA:332,0
DA:334,0
DA:337,0
DA:339,0
DA:343,1
DA:344,1
DA:345,2
DA:346,2
DA:352,2
DA:354,0
DA:355,0
DA:359,1
DA:363,1
DA:364,1
DA:365,1
DA:366,1
DA:368,1
DA:369,0
DA:380,1
DA:382,1
DA:383,0
DA:391,1
DA:392,1
DA:397,1
DA:399,0
DA:400,0
DA:407,1
DA:419,1
DA:420,1
DA:421,1
DA:422,1
DA:423,0
DA:424,0
DA:425,0
DA:427,0
DA:428,0
DA:435,1
DA:437,1
DA:439,1
DA:440,1
DA:441,0
DA:442,0
DA:443,0
DA:444,0
DA:445,0
DA:446,0
DA:447,0
DA:448,0
DA:457,1
DA:458,0
DA:459,0
DA:460,0
DA:465,0
DA:466,0
DA:468,0
DA:472,0
DA:475,0
DA:476,0
DA:477,0
DA:479,0
DA:482,0
DA:483,0
DA:484,0
DA:496,0
DA:497,0
DA:498,0
DA:499,0
DA:500,0
DA:501,0
DA:505,0
DA:506,0
DA:507,0
DA:510,0
DA:511,0
DA:512,0
DA:515,0
DA:516,0
DA:517,0
DA:518,0
DA:524,0
DA:525,0
DA:526,0
DA:527,0
DA:529,0
DA:530,0
DA:532,0
DA:533,0
DA:534,0
DA:535,0
DA:536,0
DA:537,0
DA:538,0
DA:539,0
DA:542,0
DA:544,0
DA:545,0
DA:546,0
DA:550,1
DA:551,0
DA:552,0
DA:553,0
DA:554,0
DA:562,1
DA:563,1
DA:564,1
DA:565,1
DA:566,1
DA:567,1
DA:574,1
DA:576,1
DA:592,0
DA:593,0
DA:601,0
DA:602,0
DA:603,0
DA:604,0
DA:605,0
DA:607,0
DA:608,0
DA:619,0
DA:620,0
DA:621,0
DA:622,0
DA:623,0
DA:624,0
DA:627,0
DA:628,0
DA:631,0
DA:632,0
DA:633,0
DA:634,0
DA:635,0
DA:636,0
DA:640,0
DA:641,0
DA:642,0
DA:645,0
DA:646,0
DA:648,0
DA:649,0
DA:650,0
DA:654,0
DA:668,0
DA:669,0
DA:672,0
DA:673,0
DA:677,0
DA:688,0
DA:690,0
DA:691,0
DA:693,0
DA:695,0
DA:696,0
DA:700,0
DA:701,0
DA:702,0
DA:703,0
DA:707,0
DA:722,0
DA:732,0
DA:735,0
DA:736,0
DA:738,0
DA:748,0
DA:749,0
DA:751,0
DA:752,0
DA:754,0
DA:760,0
DA:766,0
DA:771,0
DA:773,0
DA:776,0
DA:786,0
DA:794,0
DA:803,0
DA:804,0
DA:817,0
LF:258
LH:86
BRDA:17,0,0,6
BRDA:17,0,1,6
BRDA:21,1,0,6
BRDA:21,1,1,6
BRDA:25,2,0,0
BRDA:25,2,1,4
BRDA:27,3,0,4
BRDA:27,3,1,4
BRDA:32,4,0,0
BRDA:32,4,1,2
BRDA:33,5,0,2
BRDA:33,5,1,0
BRDA:34,6,0,0
BRDA:34,6,1,2
BRDA:36,7,0,0
BRDA:36,7,1,2
BRDA:36,8,0,2
BRDA:36,8,1,2
BRDA:36,8,2,2
BRDA:42,9,0,0
BRDA:42,9,1,3
BRDA:47,10,0,3
BRDA:47,10,1,0
BRDA:48,11,0,0
BRDA:48,11,1,0
BRDA:51,12,0,0
BRDA:51,12,1,0
BRDA:52,13,0,0
BRDA:52,13,1,0
BRDA:53,14,0,0
BRDA:53,14,1,3
BRDA:168,15,0,4
BRDA:168,15,1,0
BRDA:170,16,0,1
BRDA:170,16,1,1
BRDA:170,16,2,1
BRDA:170,16,3,1
BRDA:170,16,4,0
BRDA:170,16,5,0
BRDA:179,17,0,0
BRDA:179,17,1,1
BRDA:184,18,0,0
BRDA:184,18,1,0
BRDA:194,19,0,0
BRDA:194,19,1,0
BRDA:222,20,0,0
BRDA:222,20,1,0
BRDA:238,21,0,1
BRDA:238,21,1,0
BRDA:242,22,0,0
BRDA:242,22,1,1
BRDA:247,23,0,2
BRDA:247,23,1,2
BRDA:249,24,0,0
BRDA:249,24,1,1
BRDA:253,25,0,0
BRDA:253,25,1,1
BRDA:266,26,0,0
BRDA:266,26,1,0
BRDA:284,27,0,0
BRDA:284,27,1,1
BRDA:297,28,0,1
BRDA:297,28,1,0
BRDA:297,29,0,1
BRDA:297,29,1,1
BRDA:302,30,0,2
BRDA:302,30,1,0
BRDA:309,31,0,0
BRDA:309,31,1,1
BRDA:321,32,0,0
BRDA:321,32,1,1
BRDA:330,33,0,0
BRDA:330,33,1,0
BRDA:335,34,0,0
BRDA:335,34,1,0
BRDA:337,35,0,0
BRDA:337,35,1,0
BRDA:354,36,0,0
BRDA:354,36,1,0
BRDA:368,37,0,0
BRDA:368,37,1,1
BRDA:380,38,0,1
BRDA:380,38,1,0
BRDA:382,39,0,0
BRDA:382,39,1,1
BRDA:399,40,0,0
BRDA:399,40,1,0
BRDA:408,41,0,1
BRDA:408,41,1,1
BRDA:410,42,0,1
BRDA:410,42,1,0
BRDA:422,43,0,0
BRDA:422,43,1,1
BRDA:437,44,0,1
BRDA:437,44,1,1
BRDA:440,45,0,0
BRDA:440,45,1,1
BRDA:443,46,0,0
BRDA:443,46,1,0
BRDA:444,47,0,0
BRDA:444,47,1,0
BRDA:447,48,0,0
BRDA:447,48,1,0
BRDA:448,49,0,0
BRDA:448,49,1,0
BRDA:457,50,0,0
BRDA:457,50,1,1
BRDA:459,51,0,0
BRDA:459,51,1,0
BRDA:465,52,0,0
BRDA:465,52,1,0
BRDA:465,53,0,0
BRDA:465,53,1,0
BRDA:465,53,2,0
BRDA:470,54,0,0
BRDA:470,54,1,0
BRDA:483,55,0,0
BRDA:483,55,1,0
BRDA:498,56,0,0
BRDA:498,56,1,0
BRDA:499,57,0,0
BRDA:499,57,1,0
BRDA:505,58,0,0
BRDA:505,58,1,0
BRDA:505,59,0,0
BRDA:505,59,1,0
BRDA:507,60,0,0
BRDA:507,60,1,0
BRDA:507,61,0,0
BRDA:507,61,1,0
BRDA:510,62,0,0
BRDA:510,62,1,0
BRDA:515,63,0,0
BRDA:515,63,1,0
BRDA:516,64,0,0
BRDA:516,64,1,0
BRDA:518,65,0,0
BRDA:518,65,1,0
BRDA:519,66,0,0
BRDA:519,66,1,0
BRDA:519,66,2,0
BRDA:519,66,3,0
BRDA:524,67,0,0
BRDA:524,67,1,0
BRDA:525,68,0,0
BRDA:525,68,1,0
BRDA:526,69,0,0
BRDA:526,69,1,0
BRDA:527,70,0,0
BRDA:527,70,1,0
BRDA:529,71,0,0
BRDA:529,71,1,0
BRDA:529,72,0,0
BRDA:529,72,1,0
BRDA:532,73,0,0
BRDA:532,73,1,0
BRDA:533,74,0,0
BRDA:533,74,1,0
BRDA:534,75,0,0
BRDA:534,75,1,0
BRDA:535,76,0,0
BRDA:535,76,1,0
BRDA:553,77,0,0
BRDA:553,77,1,0
BRDA:553,78,0,0
BRDA:553,78,1,0
BRDA:562,79,0,1
BRDA:562,79,1,0
BRDA:568,80,0,1
BRDA:568,80,1,0
BRDA:570,81,0,1
BRDA:570,81,1,0
BRDA:592,82,0,0
BRDA:592,82,1,0
BRDA:602,83,0,0
BRDA:602,83,1,0
BRDA:603,84,0,0
BRDA:603,84,1,0
BRDA:604,85,0,0
BRDA:604,85,1,0
BRDA:605,86,0,0
BRDA:605,86,1,0
BRDA:607,87,0,0
BRDA:607,87,1,0
BRDA:607,88,0,0
BRDA:607,88,1,0
BRDA:627,89,0,0
BRDA:627,89,1,0
BRDA:641,90,0,0
BRDA:641,90,1,0
BRDA:641,91,0,0
BRDA:641,91,1,0
BRDA:645,92,0,0
BRDA:645,92,1,0
BRDA:645,93,0,0
BRDA:645,93,1,0
BRDA:649,94,0,0
BRDA:649,94,1,0
BRDA:659,95,0,0
BRDA:659,95,1,0
BRDA:664,96,0,0
BRDA:664,96,1,0
BRDA:672,97,0,0
BRDA:672,97,1,0
BRDA:691,98,0,0
BRDA:691,98,1,0
BRDA:693,99,0,0
BRDA:693,99,1,0
BRDA:693,100,0,0
BRDA:693,100,1,0
BRDA:695,101,0,0
BRDA:695,101,1,0
BRDA:700,102,0,0
BRDA:700,102,1,0
BRDA:702,103,0,0
BRDA:702,103,1,0
BRDA:740,104,0,0
BRDA:740,104,1,0
BRDA:748,105,0,0
BRDA:748,105,1,0
BRDA:751,106,0,0
BRDA:751,106,1,0
BRDA:773,107,0,0
BRDA:773,107,1,0
BRDA:774,108,0,0
BRDA:774,108,1,0
BRDA:780,109,0,0
BRDA:780,109,1,0
BRDA:803,110,0,0
BRDA:803,110,1,0
BRF:230
BRH:50
end_of_record
TN:
SF:src/invoke.ts
FN:8,invokeOllama
FN:23,registerTool
FN:27,withTimeout
FN:30,(anonymous_3)
FN:32,(anonymous_4)
FN:37,(anonymous_5)
FN:45,invokeTool
FN:68,resolvePath
FN:80,renderTemplate
FN:85,(anonymous_9)
FNF:10
FNH:8
FNDA:9,invokeOllama
FNDA:7,registerTool
FNDA:7,withTimeout
FNDA:7,(anonymous_3)
FNDA:1,(anonymous_4)
FNDA:6,(anonymous_5)
FNDA:7,invokeTool
FNDA:0,resolvePath
FNDA:8,renderTemplate
FNDA:0,(anonymous_9)
DA:5,5
DA:6,5
DA:9,9
DA:16,6
DA:18,6
DA:21,5
DA:24,7
DA:28,7
DA:29,7
DA:30,7
DA:31,7
DA:32,1
DA:36,7
DA:38,6
DA:39,6
DA:50,7
DA:52,7
DA:54,7
DA:55,6
DA:56,6
DA:60,1
DA:61,1
DA:62,1
DA:64,0
DA:69,0
DA:70,0
DA:71,0
DA:72,0
DA:73,0
DA:74,0
DA:75,0
DA:77,0
DA:84,8
DA:85,8
DA:86,0
DA:87,0
DA:88,0
DA:90,0
DA:91,0
DA:94,0
DA:95,0
DA:96,0
DA:97,0
DA:98,0
LF:44
LH:25
BRDA:5,0,0,5
BRDA:5,0,1,5
BRDA:6,1,0,5
BRDA:6,1,1,5
BRDA:16,2,0,0
BRDA:16,2,1,6
BRDA:16,3,0,6
BRDA:16,3,1,6
BRDA:28,4,0,0
BRDA:28,4,1,7
BRDA:28,5,0,7
BRDA:28,5,1,7
BRDA:32,6,0,1
BRDA:32,6,1,0
BRDA:38,7,0,6
BRDA:38,7,1,0
BRDA:52,8,0,1
BRDA:52,8,1,6
BRDA:52,9,0,7
BRDA:52,9,1,2
BRDA:54,10,0,6
BRDA:54,10,1,1
BRDA:69,11,0,0
BRDA:69,11,1,0
BRDA:70,12,0,0
BRDA:70,12,1,0
BRDA:74,13,0,0
BRDA:74,13,1,0
BRDA:84,14,0,0
BRDA:84,14,1,8
BRDA:87,15,0,0
BRDA:87,15,1,0
BRDA:88,16,0,0
BRDA:88,16,1,0
BRDA:90,17,0,0
BRDA:90,17,1,0
BRDA:90,18,0,0
BRDA:90,18,1,0
BRDA:91,19,0,0
BRDA:91,19,1,0
BRDA:95,20,0,0
BRDA:95,20,1,0
BRDA:97,21,0,0
BRDA:97,21,1,0
BRF:44
BRH:19
end_of_record
TN:
SF:src/logger.ts
FN:3,info
FN:7,warn
FN:11,error
FN:15,debug
FNF:4
FNH:2
FNDA:6,info
FNDA:4,warn
FNDA:0,error
FNDA:0,debug
DA:1,4
DA:4,6
DA:8,4
DA:12,0
DA:16,0
LF:5
LH:3
BRDA:16,0,0,0
BRDA:16,0,1,0
BRF:2
BRH:0
end_of_record
TN:
SF:src/mcpToolRegistrar.ts
FN:6,minimalForSchema
FN:31,mapArgsFromSchema
FN:97,registerMcpTools
FN:108,(anonymous_3)
FN:111,(anonymous_4)
FN:144,(anonymous_5)
FN:173,(anonymous_6)
FNF:7
FNH:5
FNDA:9,minimalForSchema
FNDA:5,mapArgsFromSchema
FNDA:2,registerMcpTools
FNDA:0,(anonymous_3)
FNDA:1,(anonymous_4)
FNDA:5,(anonymous_5)
FNDA:0,(anonymous_6)
DA:7,9
DA:8,9
DA:9,9
DA:10,9
DA:11,0
DA:12,0
DA:13,0
DA:15,9
DA:17,4
DA:19,0
DA:21,0
DA:23,2
DA:25,3
DA:27,0
DA:32,5
DA:33,5
DA:35,5
DA:37,14
DA:38,3
DA:39,3
DA:43,11
DA:44,0
DA:45,0
DA:48,11
DA:49,1
DA:50,1
DA:51,1
DA:52,1
DA:55,10
DA:56,0
DA:63,0
DA:66,10
DA:67,1
DA:73,1
DA:77,9
DA:82,0
DA:83,0
DA:87,9
DA:90,5
DA:101,2
DA:102,2
DA:103,2
DA:104,2
DA:107,2
DA:108,0
DA:110,2
DA:111,2
DA:114,2
DA:115,10
DA:116,10
DA:117,0
DA:118,0
DA:122,10
DA:123,4
DA:124,4
DA:127,6
DA:128,0
DA:129,0
DA:132,6
DA:135,10
DA:136,10
DA:138,0
DA:139,0
DA:140,0
DA:144,6
DA:145,5
DA:146,5
DA:147,5
DA:148,5
DA:150,0
DA:155,0
DA:159,6
DA:160,6
DA:162,6
DA:164,6
DA:165,0
DA:166,0
DA:167,0
DA:168,0
DA:169,0
DA:170,0
DA:173,0
DA:174,0
DA:177,0
DA:181,0
DA:182,0
DA:186,2
LF:87
LH:54
BRDA:7,0,0,0
BRDA:7,0,1,9
BRDA:9,1,0,0
BRDA:9,1,1,9
BRDA:10,2,0,0
BRDA:10,2,1,9
BRDA:11,3,0,0
BRDA:11,3,1,0
BRDA:12,4,0,0
BRDA:12,4,1,0
BRDA:15,5,0,4
BRDA:15,5,1,0
BRDA:15,5,2,0
BRDA:15,5,3,2
BRDA:15,5,4,3
BRDA:15,5,5,0
BRDA:32,6,0,5
BRDA:32,6,1,5
BRDA:32,6,2,0
BRDA:37,7,0,3
BRDA:37,7,1,11
BRDA:37,8,0,14
BRDA:37,8,1,14
BRDA:43,9,0,0
BRDA:43,9,1,11
BRDA:44,10,0,0
BRDA:44,10,1,0
BRDA:44,11,0,0
BRDA:44,11,1,0
BRDA:48,12,0,1
BRDA:48,12,1,10
BRDA:49,13,0,0
BRDA:49,13,1,1
BRDA:49,14,0,1
BRDA:49,14,1,1
BRDA:49,15,0,0
BRDA:49,15,1,1
BRDA:50,16,0,1
BRDA:50,16,1,1
BRDA:50,17,0,1
BRDA:50,17,1,0
BRDA:51,18,0,1
BRDA:51,18,1,1
BRDA:55,19,0,0
BRDA:55,19,1,10
BRDA:57,20,0,0
BRDA:57,20,1,0
BRDA:57,21,0,0
BRDA:57,21,1,0
BRDA:61,22,0,0
BRDA:61,22,1,0
BRDA:61,23,0,0
BRDA:61,23,1,0
BRDA:66,24,0,1
BRDA:66,24,1,9
BRDA:68,25,0,0
BRDA:68,25,1,1
BRDA:68,26,0,1
BRDA:68,26,1,1
BRDA:70,27,0,1
BRDA:70,27,1,0
BRDA:70,28,0,1
BRDA:70,28,1,1
BRDA:77,29,0,0
BRDA:77,29,1,9
BRDA:78,30,0,9
BRDA:78,30,1,9
BRDA:78,30,2,0
BRDA:98,31,0,2
BRDA:102,32,0,2
BRDA:102,32,1,0
BRDA:107,33,0,0
BRDA:107,33,1,2
BRDA:107,34,0,2
BRDA:107,34,1,0
BRDA:111,35,0,1
BRDA:111,35,1,1
BRDA:111,36,0,2
BRDA:111,36,1,1
BRDA:116,37,0,0
BRDA:116,37,1,10
BRDA:116,38,0,10
BRDA:116,38,1,10
BRDA:122,39,0,4
BRDA:122,39,1,6
BRDA:122,40,0,10
BRDA:122,40,1,5
BRDA:127,41,0,0
BRDA:127,41,1,6
BRDA:132,42,0,6
BRDA:132,42,1,0
BRDA:136,43,0,6
BRDA:136,43,1,0
BRDA:136,44,0,10
BRDA:136,44,1,6
BRDA:138,45,0,0
BRDA:138,45,1,0
BRDA:138,46,0,0
BRDA:138,46,1,0
BRDA:146,47,0,5
BRDA:146,47,1,0
BRDA:152,48,0,0
BRDA:152,48,1,0
BRDA:155,49,0,0
BRDA:155,49,1,0
BRDA:164,50,0,0
BRDA:164,50,1,6
BRDA:166,51,0,0
BRDA:166,51,1,0
BRDA:166,51,2,0
BRDA:169,52,0,0
BRDA:169,52,1,0
BRDA:181,53,0,0
BRDA:181,53,1,0
BRF:114
BRH:58
end_of_record
TN:
SF:src/memory.ts
FN:8,(anonymous_0)
FN:11,(anonymous_1)
FN:16,(anonymous_2)
FNF:3
FNH:3
FNDA:6,(anonymous_0)
FNDA:7,(anonymous_1)
FNDA:6,(anonymous_2)
DA:9,6
DA:12,7
DA:13,7
DA:17,6
LF:4
LH:4
BRDA:13,0,0,1
BRDA:13,0,1,6
BRF:2
BRH:2
end_of_record
